Arguments: 
  C:\Program Files\nodejs\node.exe C:\Users\Ashi Tharuka\AppData\Roaming\npm\node_modules\yarn\bin\yarn.js add react-bootstrap

PATH: 
  C:\ProgramData\Oracle\Java\javapath;C:\Windows\system32;C:\Windows;C:\Windows\System32\Wbem;C:\Windows\System32\WindowsPowerShell\v1.0\;C:\Windows\System32\OpenSSH\;C:\Program Files\nodejs\;C:\Program Files\Git\bin;C:\Users\Ashi Tharuka\AppData\Local\Programs\Microsoft VS Code\bin;C:\Users\Ashi Tharuka\AppData\Roaming\npm;C:\Program Files\heroku\bin

Yarn version: 
  1.22.19

Node version: 
  16.16.0

Platform: 
  win32 x64

Trace: 
  Error: getaddrinfo ENOTFOUND registry.yarnpkg.com
      at GetAddrInfoReqWrap.onlookup [as oncomplete] (node:dns:71:26)

npm manifest: 
  {
    "name": "booking",
    "version": "0.1.0",
    "private": true,
    "dependencies": {
      "@fortawesome/fontawesome-svg-core": "^6.2.0",
      "@fortawesome/free-regular-svg-icons": "^6.2.0",
      "@fortawesome/free-solid-svg-icons": "^6.2.0",
      "@fortawesome/react-fontawesome": "^0.2.0",
      "@testing-library/jest-dom": "^5.16.4",
      "@testing-library/react": "^13.1.1",
      "@testing-library/user-event": "^13.5.0",
      "axios": "^0.27.2",
      "date-fns": "^2.29.3",
      "react": "^18.2.0",
      "react-date-range": "^1.4.0",
      "react-dom": "^18.0.0",
      "react-icons": "^4.4.0",
      "react-router-dom": "^6.4.0",
      "react-scripts": "5.0.1",
      "web-vitals": "^2.1.4"
    },
    "scripts": {
      "start": "react-scripts start",
      "build": "react-scripts build",
      "test": "react-scripts test",
      "eject": "react-scripts eject"
    },
    "eslintConfig": {
      "extends": [
        "react-app",
        "react-app/jest"
      ]
    },
    "browserslist": {
      "production": [
        ">0.2%",
        "not dead",
        "not op_mini all"
      ],
      "development": [
        "last 1 chrome version",
        "last 1 firefox version",
        "last 1 safari version"
      ]
    },
    "proxy": "http://localhost:8800/api"
  }

yarn manifest: 
  No manifest

Lockfile: 
  No lockfile
